{"/Users/tdo/Desktop/PlayCode/src/app.ts": {"path":"/Users/tdo/Desktop/PlayCode/src/app.ts","statementMap":{"0":{"start":{"line":3,"column":19},"end":{"line":6,"column":1}},"1":{"start":{"line":4,"column":18},"end":{"line":4,"column":34}},"2":{"start":{"line":5,"column":4},"end":{"line":5,"column":43}}},"fnMap":{"0":{"name":"(anonymous_0)","decl":{"start":{"line":3,"column":19},"end":{"line":3,"column":20}},"loc":{"start":{"line":3,"column":31},"end":{"line":6,"column":1}},"line":3}},"branchMap":{"0":{"loc":{"start":{"line":5,"column":11},"end":{"line":5,"column":42}},"type":"cond-expr","locations":[{"start":{"line":5,"column":30},"end":{"line":5,"column":34}},{"start":{"line":5,"column":37},"end":{"line":5,"column":42}}],"line":5}},"s":{"0":1,"1":2,"2":2},"f":{"0":2},"b":{"0":[1,1]},"_coverageSchema":"1a1c01bbd47fc00a2c39e90264f33305004495a9","hash":"dcc1efe6065d6cba3b68c533c4df47b6cb5f17cb"}
,"/Users/tdo/Desktop/PlayCode/src/service.ts": {"path":"/Users/tdo/Desktop/PlayCode/src/service.ts","statementMap":{"0":{"start":{"line":1,"column":17},"end":{"line":3,"column":1}},"1":{"start":{"line":2,"column":4},"end":{"line":2,"column":31}}},"fnMap":{"0":{"name":"(anonymous_0)","decl":{"start":{"line":1,"column":17},"end":{"line":1,"column":18}},"loc":{"start":{"line":1,"column":28},"end":{"line":3,"column":1}},"line":1}},"branchMap":{},"s":{"0":1,"1":0},"f":{"0":0},"b":{},"_coverageSchema":"1a1c01bbd47fc00a2c39e90264f33305004495a9","hash":"cdc4e539116cbe7a0e2b5f65a5b4b459fc41e1e4"}
}
